d:\vs_pro\hello\hello\debug\vc141.pdb
d:\vs_pro\hello\hello\debug\vc141.idb
d:\vs_pro\hello\hello\debug\运算符note.obj
d:\vs_pro\hello\hello\debug\程序流程结构.obj
d:\vs_pro\hello\hello\debug\printhello.obj
d:\vs_pro\hello\hello\debug\git_bash.obj
d:\vs_pro\hello\hello\debug\数组.obj
d:\vs_pro\hello\hello\debug\指针.obj
d:\vs_pro\hello\hello\debug\函数.obj
d:\vs_pro\hello\hello\debug\通讯录管理系统.obj
d:\vs_pro\hello\hello\debug\内存模型.obj
d:\vs_pro\hello\debug\hello.exe
d:\vs_pro\hello\debug\hello.ilk
d:\vs_pro\hello\debug\hello.pdb
d:\vs_pro\hello\hello\debug\源.obj
d:\vs_pro\hello\hello\debug\hello.tlog\cl.command.1.tlog
d:\vs_pro\hello\hello\debug\hello.tlog\cl.read.1.tlog
d:\vs_pro\hello\hello\debug\hello.tlog\cl.write.1.tlog
d:\vs_pro\hello\hello\debug\hello.tlog\link.command.1.tlog
d:\vs_pro\hello\hello\debug\hello.tlog\link.read.1.tlog
d:\vs_pro\hello\hello\debug\hello.tlog\link.write.1.tlog
